[0.009s] Invoking command in '/home/faraz/bumperbot_ws/build/bumperbot_description': CMAKE_PREFIX_PATH=${CMAKE_PREFIX_PATH}:/opt/ros/jazzy DEBUGINFOD_URLS=https://debuginfod.ubuntu.com /usr/bin/cmake --build /home/faraz/bumperbot_ws/build/bumperbot_description -- -j8 -l8
[0.038s] -- Found ament_cmake: 2.5.4 (/opt/ros/jazzy/share/ament_cmake/cmake)
[0.252s] -- Found ament_lint_auto: 0.17.2 (/opt/ros/jazzy/share/ament_lint_auto/cmake)
[0.349s] -- Added test 'flake8' to check Python code syntax and style conventions
[0.349s] -- Configured 'flake8' exclude dirs and/or files: 
[0.350s] -- Added test 'lint_cmake' to check CMake code style
[0.350s] -- Added test 'pep257' to check Python code against some of the docstring style conventions in PEP 257
[0.352s] -- Added test 'xmllint' to check XML markup files
[0.353s] -- Configuring done (0.3s)
[0.357s] -- Generating done (0.0s)
[0.359s] -- Build files have been written to: /home/faraz/bumperbot_ws/build/bumperbot_description
[0.378s] Invoked command in '/home/faraz/bumperbot_ws/build/bumperbot_description' returned '0': CMAKE_PREFIX_PATH=${CMAKE_PREFIX_PATH}:/opt/ros/jazzy DEBUGINFOD_URLS=https://debuginfod.ubuntu.com /usr/bin/cmake --build /home/faraz/bumperbot_ws/build/bumperbot_description -- -j8 -l8
[0.387s] Invoking command in '/home/faraz/bumperbot_ws/build/bumperbot_description': CMAKE_PREFIX_PATH=${CMAKE_PREFIX_PATH}:/opt/ros/jazzy DEBUGINFOD_URLS=https://debuginfod.ubuntu.com /usr/bin/cmake --install /home/faraz/bumperbot_ws/build/bumperbot_description
[0.394s] -- Install configuration: ""
[0.394s] -- Up-to-date: /home/faraz/bumperbot_ws/install/bumperbot_description/share/bumperbot_description/meshes
[0.394s] -- Up-to-date: /home/faraz/bumperbot_ws/install/bumperbot_description/share/bumperbot_description/meshes/caster_front_link.STL
[0.394s] -- Up-to-date: /home/faraz/bumperbot_ws/install/bumperbot_description/share/bumperbot_description/meshes/imu_link.STL
[0.394s] -- Up-to-date: /home/faraz/bumperbot_ws/install/bumperbot_description/share/bumperbot_description/meshes/wheel_right_link.STL
[0.394s] -- Up-to-date: /home/faraz/bumperbot_ws/install/bumperbot_description/share/bumperbot_description/meshes/wheel_left_link.STL
[0.395s] -- Up-to-date: /home/faraz/bumperbot_ws/install/bumperbot_description/share/bumperbot_description/meshes/caster_rear_link.STL
[0.395s] -- Up-to-date: /home/faraz/bumperbot_ws/install/bumperbot_description/share/bumperbot_description/meshes/base_link.STL
[0.395s] -- Up-to-date: /home/faraz/bumperbot_ws/install/bumperbot_description/share/bumperbot_description/urdf
[0.395s] -- Installing: /home/faraz/bumperbot_ws/install/bumperbot_description/share/bumperbot_description/urdf/bumperbot_gazebo.xacro
[0.395s] -- Installing: /home/faraz/bumperbot_ws/install/bumperbot_description/share/bumperbot_description/urdf/bumperbot.urdf.xacro
[0.396s] -- Installing: /home/faraz/bumperbot_ws/install/bumperbot_description/share/bumperbot_description/urdf/bumperbot_ros2_contro.xacro
[0.396s] -- Up-to-date: /home/faraz/bumperbot_ws/install/bumperbot_description/share/bumperbot_description/rviz
[0.396s] -- Up-to-date: /home/faraz/bumperbot_ws/install/bumperbot_description/share/bumperbot_description/rviz/display.rviz
[0.396s] -- Up-to-date: /home/faraz/bumperbot_ws/install/bumperbot_description/share/bumperbot_description/launch
[0.396s] -- Up-to-date: /home/faraz/bumperbot_ws/install/bumperbot_description/share/bumperbot_description/launch/display.launch.py
[0.396s] -- Installing: /home/faraz/bumperbot_ws/install/bumperbot_description/share/bumperbot_description/launch/gazebo.launch.py
[0.396s] -- Installing: /home/faraz/bumperbot_ws/install/bumperbot_description/share/ament_index/resource_index/package_run_dependencies/bumperbot_description
[0.396s] -- Up-to-date: /home/faraz/bumperbot_ws/install/bumperbot_description/share/ament_index/resource_index/parent_prefix_path/bumperbot_description
[0.396s] -- Up-to-date: /home/faraz/bumperbot_ws/install/bumperbot_description/share/bumperbot_description/environment/ament_prefix_path.sh
[0.396s] -- Up-to-date: /home/faraz/bumperbot_ws/install/bumperbot_description/share/bumperbot_description/environment/ament_prefix_path.dsv
[0.396s] -- Up-to-date: /home/faraz/bumperbot_ws/install/bumperbot_description/share/bumperbot_description/environment/path.sh
[0.396s] -- Up-to-date: /home/faraz/bumperbot_ws/install/bumperbot_description/share/bumperbot_description/environment/path.dsv
[0.396s] -- Up-to-date: /home/faraz/bumperbot_ws/install/bumperbot_description/share/bumperbot_description/local_setup.bash
[0.396s] -- Up-to-date: /home/faraz/bumperbot_ws/install/bumperbot_description/share/bumperbot_description/local_setup.sh
[0.397s] -- Up-to-date: /home/faraz/bumperbot_ws/install/bumperbot_description/share/bumperbot_description/local_setup.zsh
[0.397s] -- Up-to-date: /home/faraz/bumperbot_ws/install/bumperbot_description/share/bumperbot_description/local_setup.dsv
[0.397s] -- Installing: /home/faraz/bumperbot_ws/install/bumperbot_description/share/bumperbot_description/package.dsv
[0.397s] -- Up-to-date: /home/faraz/bumperbot_ws/install/bumperbot_description/share/ament_index/resource_index/packages/bumperbot_description
[0.397s] -- Up-to-date: /home/faraz/bumperbot_ws/install/bumperbot_description/share/bumperbot_description/cmake/bumperbot_descriptionConfig.cmake
[0.397s] -- Up-to-date: /home/faraz/bumperbot_ws/install/bumperbot_description/share/bumperbot_description/cmake/bumperbot_descriptionConfig-version.cmake
[0.397s] -- Installing: /home/faraz/bumperbot_ws/install/bumperbot_description/share/bumperbot_description/package.xml
[0.398s] Invoked command in '/home/faraz/bumperbot_ws/build/bumperbot_description' returned '0': CMAKE_PREFIX_PATH=${CMAKE_PREFIX_PATH}:/opt/ros/jazzy DEBUGINFOD_URLS=https://debuginfod.ubuntu.com /usr/bin/cmake --install /home/faraz/bumperbot_ws/build/bumperbot_description
