[0.011s] Invoking command in '/home/faraz/bumperbot_ws/build/bumperbot_description': CMAKE_PREFIX_PATH=${CMAKE_PREFIX_PATH}:/opt/ros/jazzy DEBUGINFOD_URLS=https://debuginfod.ubuntu.com /usr/bin/cmake /home/faraz/bumperbot_ws/src/bumperbot_description -DCMAKE_INSTALL_PREFIX=/home/faraz/bumperbot_ws/install/bumperbot_description
[0.107s] -- The C compiler identification is GNU 13.3.0
[0.183s] -- The CXX compiler identification is GNU 13.3.0
[0.200s] -- Detecting C compiler ABI info
[0.280s] -- Detecting C compiler ABI info - done
[0.289s] -- Check for working C compiler: /usr/bin/cc - skipped
[0.289s] -- Detecting C compile features
[0.290s] -- Detecting C compile features - done
[0.299s] -- Detecting CXX compiler ABI info
[0.389s] -- Detecting CXX compiler ABI info - done
[0.397s] -- Check for working CXX compiler: /usr/bin/c++ - skipped
[0.398s] -- Detecting CXX compile features
[0.398s] -- Detecting CXX compile features - done
[0.408s] -- Found ament_cmake: 2.5.4 (/opt/ros/jazzy/share/ament_cmake/cmake)
[0.550s] -- Found Python3: /usr/bin/python3 (found version "3.12.3") found components: Interpreter 
[0.685s] -- Found ament_lint_auto: 0.17.2 (/opt/ros/jazzy/share/ament_lint_auto/cmake)
[0.790s] -- Added test 'lint_cmake' to check CMake code style
[0.793s] -- Added test 'xmllint' to check XML markup files
[0.795s] -- Configuring done (0.8s)
[0.798s] -- Generating done (0.0s)
[0.800s] -- Build files have been written to: /home/faraz/bumperbot_ws/build/bumperbot_description
[0.807s] Invoked command in '/home/faraz/bumperbot_ws/build/bumperbot_description' returned '0': CMAKE_PREFIX_PATH=${CMAKE_PREFIX_PATH}:/opt/ros/jazzy DEBUGINFOD_URLS=https://debuginfod.ubuntu.com /usr/bin/cmake /home/faraz/bumperbot_ws/src/bumperbot_description -DCMAKE_INSTALL_PREFIX=/home/faraz/bumperbot_ws/install/bumperbot_description
[0.808s] Invoking command in '/home/faraz/bumperbot_ws/build/bumperbot_description': CMAKE_PREFIX_PATH=${CMAKE_PREFIX_PATH}:/opt/ros/jazzy DEBUGINFOD_URLS=https://debuginfod.ubuntu.com /usr/bin/cmake --build /home/faraz/bumperbot_ws/build/bumperbot_description -- -j8 -l8
[0.843s] Invoked command in '/home/faraz/bumperbot_ws/build/bumperbot_description' returned '0': CMAKE_PREFIX_PATH=${CMAKE_PREFIX_PATH}:/opt/ros/jazzy DEBUGINFOD_URLS=https://debuginfod.ubuntu.com /usr/bin/cmake --build /home/faraz/bumperbot_ws/build/bumperbot_description -- -j8 -l8
[0.852s] Invoking command in '/home/faraz/bumperbot_ws/build/bumperbot_description': CMAKE_PREFIX_PATH=${CMAKE_PREFIX_PATH}:/opt/ros/jazzy DEBUGINFOD_URLS=https://debuginfod.ubuntu.com /usr/bin/cmake --install /home/faraz/bumperbot_ws/build/bumperbot_description
[0.859s] -- Install configuration: ""
[0.859s] -- Installing: /home/faraz/bumperbot_ws/install/bumperbot_description/share/ament_index/resource_index/package_run_dependencies/bumperbot_description
[0.859s] -- Installing: /home/faraz/bumperbot_ws/install/bumperbot_description/share/ament_index/resource_index/parent_prefix_path/bumperbot_description
[0.859s] -- Installing: /home/faraz/bumperbot_ws/install/bumperbot_description/share/bumperbot_description/environment/ament_prefix_path.sh
[0.859s] -- Installing: /home/faraz/bumperbot_ws/install/bumperbot_description/share/bumperbot_description/environment/ament_prefix_path.dsv
[0.859s] -- Installing: /home/faraz/bumperbot_ws/install/bumperbot_description/share/bumperbot_description/environment/path.sh
[0.859s] -- Installing: /home/faraz/bumperbot_ws/install/bumperbot_description/share/bumperbot_description/environment/path.dsv
[0.859s] -- Installing: /home/faraz/bumperbot_ws/install/bumperbot_description/share/bumperbot_description/local_setup.bash
[0.860s] -- Installing: /home/faraz/bumperbot_ws/install/bumperbot_description/share/bumperbot_description/local_setup.sh
[0.860s] -- Installing: /home/faraz/bumperbot_ws/install/bumperbot_description/share/bumperbot_description/local_setup.zsh
[0.860s] -- Installing: /home/faraz/bumperbot_ws/install/bumperbot_description/share/bumperbot_description/local_setup.dsv
[0.860s] -- Installing: /home/faraz/bumperbot_ws/install/bumperbot_description/share/bumperbot_description/package.dsv
[0.860s] -- Installing: /home/faraz/bumperbot_ws/install/bumperbot_description/share/ament_index/resource_index/packages/bumperbot_description
[0.860s] -- Installing: /home/faraz/bumperbot_ws/install/bumperbot_description/share/bumperbot_description/cmake/bumperbot_descriptionConfig.cmake
[0.860s] -- Installing: /home/faraz/bumperbot_ws/install/bumperbot_description/share/bumperbot_description/cmake/bumperbot_descriptionConfig-version.cmake
[0.860s] -- Installing: /home/faraz/bumperbot_ws/install/bumperbot_description/share/bumperbot_description/package.xml
[0.862s] Invoked command in '/home/faraz/bumperbot_ws/build/bumperbot_description' returned '0': CMAKE_PREFIX_PATH=${CMAKE_PREFIX_PATH}:/opt/ros/jazzy DEBUGINFOD_URLS=https://debuginfod.ubuntu.com /usr/bin/cmake --install /home/faraz/bumperbot_ws/build/bumperbot_description
