[0.013s] Invoking command in '/home/faraz/bumperbot_ws/build/bumperbot_controller': CMAKE_PREFIX_PATH=${CMAKE_PREFIX_PATH}:/opt/ros/jazzy DEBUGINFOD_URLS=https://debuginfod.ubuntu.com /usr/bin/cmake --build /home/faraz/bumperbot_ws/build/bumperbot_controller -- -j8 -l8
[0.044s] -- Found ament_cmake: 2.5.4 (/opt/ros/jazzy/share/ament_cmake/cmake)
[0.249s] -- Found ament_lint_auto: 0.17.2 (/opt/ros/jazzy/share/ament_lint_auto/cmake)
[0.340s] -- Added test 'flake8' to check Python code syntax and style conventions
[0.340s] -- Configured 'flake8' exclude dirs and/or files: 
[0.343s] -- Added test 'lint_cmake' to check CMake code style
[0.343s] -- Added test 'pep257' to check Python code against some of the docstring style conventions in PEP 257
[0.344s] -- Added test 'xmllint' to check XML markup files
[0.345s] -- Configuring done (0.3s)
[0.349s] -- Generating done (0.0s)
[0.350s] -- Build files have been written to: /home/faraz/bumperbot_ws/build/bumperbot_controller
[0.369s] Invoked command in '/home/faraz/bumperbot_ws/build/bumperbot_controller' returned '0': CMAKE_PREFIX_PATH=${CMAKE_PREFIX_PATH}:/opt/ros/jazzy DEBUGINFOD_URLS=https://debuginfod.ubuntu.com /usr/bin/cmake --build /home/faraz/bumperbot_ws/build/bumperbot_controller -- -j8 -l8
[0.370s] Invoking command in '/home/faraz/bumperbot_ws/build/bumperbot_controller': CMAKE_PREFIX_PATH=${CMAKE_PREFIX_PATH}:/opt/ros/jazzy DEBUGINFOD_URLS=https://debuginfod.ubuntu.com /usr/bin/cmake --install /home/faraz/bumperbot_ws/build/bumperbot_controller
[0.377s] -- Install configuration: ""
[0.377s] -- Up-to-date: /home/faraz/bumperbot_ws/install/bumperbot_controller/share/bumperbot_controller/config
[0.377s] -- Up-to-date: /home/faraz/bumperbot_ws/install/bumperbot_controller/share/bumperbot_controller/config/bumperbot_controllers.yaml
[0.377s] -- Installing: /home/faraz/bumperbot_ws/install/bumperbot_controller/share/bumperbot_controller/launch
[0.377s] -- Installing: /home/faraz/bumperbot_ws/install/bumperbot_controller/share/bumperbot_controller/launch/controller.launch.py
[0.378s] -- Installing: /home/faraz/bumperbot_ws/install/bumperbot_controller/share/ament_index/resource_index/package_run_dependencies/bumperbot_controller
[0.378s] -- Installing: /home/faraz/bumperbot_ws/install/bumperbot_controller/share/ament_index/resource_index/parent_prefix_path/bumperbot_controller
[0.378s] -- Up-to-date: /home/faraz/bumperbot_ws/install/bumperbot_controller/share/bumperbot_controller/environment/ament_prefix_path.sh
[0.378s] -- Up-to-date: /home/faraz/bumperbot_ws/install/bumperbot_controller/share/bumperbot_controller/environment/ament_prefix_path.dsv
[0.378s] -- Up-to-date: /home/faraz/bumperbot_ws/install/bumperbot_controller/share/bumperbot_controller/environment/path.sh
[0.378s] -- Up-to-date: /home/faraz/bumperbot_ws/install/bumperbot_controller/share/bumperbot_controller/environment/path.dsv
[0.378s] -- Up-to-date: /home/faraz/bumperbot_ws/install/bumperbot_controller/share/bumperbot_controller/local_setup.bash
[0.378s] -- Up-to-date: /home/faraz/bumperbot_ws/install/bumperbot_controller/share/bumperbot_controller/local_setup.sh
[0.378s] -- Up-to-date: /home/faraz/bumperbot_ws/install/bumperbot_controller/share/bumperbot_controller/local_setup.zsh
[0.378s] -- Up-to-date: /home/faraz/bumperbot_ws/install/bumperbot_controller/share/bumperbot_controller/local_setup.dsv
[0.378s] -- Installing: /home/faraz/bumperbot_ws/install/bumperbot_controller/share/bumperbot_controller/package.dsv
[0.378s] -- Up-to-date: /home/faraz/bumperbot_ws/install/bumperbot_controller/share/ament_index/resource_index/packages/bumperbot_controller
[0.379s] -- Up-to-date: /home/faraz/bumperbot_ws/install/bumperbot_controller/share/bumperbot_controller/cmake/bumperbot_controllerConfig.cmake
[0.379s] -- Up-to-date: /home/faraz/bumperbot_ws/install/bumperbot_controller/share/bumperbot_controller/cmake/bumperbot_controllerConfig-version.cmake
[0.379s] -- Installing: /home/faraz/bumperbot_ws/install/bumperbot_controller/share/bumperbot_controller/package.xml
[0.380s] Invoked command in '/home/faraz/bumperbot_ws/build/bumperbot_controller' returned '0': CMAKE_PREFIX_PATH=${CMAKE_PREFIX_PATH}:/opt/ros/jazzy DEBUGINFOD_URLS=https://debuginfod.ubuntu.com /usr/bin/cmake --install /home/faraz/bumperbot_ws/build/bumperbot_controller
