[0.011s] Invoking command in '/home/faraz/bumperbot_ws/build/bumperbot_controller': CMAKE_PREFIX_PATH=${CMAKE_PREFIX_PATH}:/opt/ros/jazzy DEBUGINFOD_URLS=https://debuginfod.ubuntu.com /usr/bin/cmake /home/faraz/bumperbot_ws/src/bumperbot_controller -DCMAKE_INSTALL_PREFIX=/home/faraz/bumperbot_ws/install/bumperbot_controller
[0.107s] -- The C compiler identification is GNU 13.3.0
[0.187s] -- The CXX compiler identification is GNU 13.3.0
[0.204s] -- Detecting C compiler ABI info
[0.287s] -- Detecting C compiler ABI info - done
[0.295s] -- Check for working C compiler: /usr/bin/cc - skipped
[0.295s] -- Detecting C compile features
[0.296s] -- Detecting C compile features - done
[0.304s] -- Detecting CXX compiler ABI info
[0.391s] -- Detecting CXX compiler ABI info - done
[0.399s] -- Check for working CXX compiler: /usr/bin/c++ - skipped
[0.400s] -- Detecting CXX compile features
[0.400s] -- Detecting CXX compile features - done
[0.409s] -- Found ament_cmake: 2.5.4 (/opt/ros/jazzy/share/ament_cmake/cmake)
[0.555s] -- Found Python3: /usr/bin/python3 (found version "3.12.3") found components: Interpreter 
[0.660s] -- Found ament_lint_auto: 0.17.2 (/opt/ros/jazzy/share/ament_lint_auto/cmake)
[0.758s] -- Added test 'lint_cmake' to check CMake code style
[0.760s] -- Added test 'xmllint' to check XML markup files
[0.761s] -- Configuring done (0.7s)
[0.763s] -- Generating done (0.0s)
[0.765s] -- Build files have been written to: /home/faraz/bumperbot_ws/build/bumperbot_controller
[0.769s] Invoked command in '/home/faraz/bumperbot_ws/build/bumperbot_controller' returned '0': CMAKE_PREFIX_PATH=${CMAKE_PREFIX_PATH}:/opt/ros/jazzy DEBUGINFOD_URLS=https://debuginfod.ubuntu.com /usr/bin/cmake /home/faraz/bumperbot_ws/src/bumperbot_controller -DCMAKE_INSTALL_PREFIX=/home/faraz/bumperbot_ws/install/bumperbot_controller
[0.769s] Invoking command in '/home/faraz/bumperbot_ws/build/bumperbot_controller': CMAKE_PREFIX_PATH=${CMAKE_PREFIX_PATH}:/opt/ros/jazzy DEBUGINFOD_URLS=https://debuginfod.ubuntu.com /usr/bin/cmake --build /home/faraz/bumperbot_ws/build/bumperbot_controller -- -j8 -l8
[0.803s] Invoked command in '/home/faraz/bumperbot_ws/build/bumperbot_controller' returned '0': CMAKE_PREFIX_PATH=${CMAKE_PREFIX_PATH}:/opt/ros/jazzy DEBUGINFOD_URLS=https://debuginfod.ubuntu.com /usr/bin/cmake --build /home/faraz/bumperbot_ws/build/bumperbot_controller -- -j8 -l8
[0.804s] Invoking command in '/home/faraz/bumperbot_ws/build/bumperbot_controller': CMAKE_PREFIX_PATH=${CMAKE_PREFIX_PATH}:/opt/ros/jazzy DEBUGINFOD_URLS=https://debuginfod.ubuntu.com /usr/bin/cmake --install /home/faraz/bumperbot_ws/build/bumperbot_controller
[0.812s] -- Install configuration: ""
[0.812s] -- Installing: /home/faraz/bumperbot_ws/install/bumperbot_controller/share/bumperbot_controller/config
[0.812s] -- Installing: /home/faraz/bumperbot_ws/install/bumperbot_controller/share/bumperbot_controller/config/bumperbot_controllers.yaml
[0.812s] -- Installing: /home/faraz/bumperbot_ws/install/bumperbot_controller/share/ament_index/resource_index/package_run_dependencies/bumperbot_controller
[0.812s] -- Installing: /home/faraz/bumperbot_ws/install/bumperbot_controller/share/ament_index/resource_index/parent_prefix_path/bumperbot_controller
[0.812s] -- Installing: /home/faraz/bumperbot_ws/install/bumperbot_controller/share/bumperbot_controller/environment/ament_prefix_path.sh
[0.812s] -- Installing: /home/faraz/bumperbot_ws/install/bumperbot_controller/share/bumperbot_controller/environment/ament_prefix_path.dsv
[0.812s] -- Installing: /home/faraz/bumperbot_ws/install/bumperbot_controller/share/bumperbot_controller/environment/path.sh
[0.812s] -- Installing: /home/faraz/bumperbot_ws/install/bumperbot_controller/share/bumperbot_controller/environment/path.dsv
[0.812s] -- Installing: /home/faraz/bumperbot_ws/install/bumperbot_controller/share/bumperbot_controller/local_setup.bash
[0.813s] -- Installing: /home/faraz/bumperbot_ws/install/bumperbot_controller/share/bumperbot_controller/local_setup.sh
[0.813s] -- Installing: /home/faraz/bumperbot_ws/install/bumperbot_controller/share/bumperbot_controller/local_setup.zsh
[0.813s] -- Installing: /home/faraz/bumperbot_ws/install/bumperbot_controller/share/bumperbot_controller/local_setup.dsv
[0.813s] -- Installing: /home/faraz/bumperbot_ws/install/bumperbot_controller/share/bumperbot_controller/package.dsv
[0.813s] -- Installing: /home/faraz/bumperbot_ws/install/bumperbot_controller/share/ament_index/resource_index/packages/bumperbot_controller
[0.813s] -- Installing: /home/faraz/bumperbot_ws/install/bumperbot_controller/share/bumperbot_controller/cmake/bumperbot_controllerConfig.cmake
[0.813s] -- Installing: /home/faraz/bumperbot_ws/install/bumperbot_controller/share/bumperbot_controller/cmake/bumperbot_controllerConfig-version.cmake
[0.814s] -- Installing: /home/faraz/bumperbot_ws/install/bumperbot_controller/share/bumperbot_controller/package.xml
[0.815s] Invoked command in '/home/faraz/bumperbot_ws/build/bumperbot_controller' returned '0': CMAKE_PREFIX_PATH=${CMAKE_PREFIX_PATH}:/opt/ros/jazzy DEBUGINFOD_URLS=https://debuginfod.ubuntu.com /usr/bin/cmake --install /home/faraz/bumperbot_ws/build/bumperbot_controller
